<?xml version="1.0" encoding="UTF-8"?>
<!-- Generated by org.testng.reporters.JUnitReportReporter -->
<testsuite skipped="0" hostname="DESKTOP-A9DN365" name="com.testNg.testNgAnnotations" tests="1" failures="0" timestamp="03 Dec 2021 19:04:20 GMT" time="0.040" errors="0">
  <testcase name="Testcase3" time="0.040" classname="com.testNg.testNgAnnotations"/>
</testsuite> <!-- com.testNg.testNgAnnotations -->
